 ------------------------  COPYRIGHT NOTICE  ---------------------------------
                   Los Alamos National Laboratory
 This program was prepared by Los Alamos National Security, LLC at
 Los Alamos National Laboratory (the University) under  Contract No. 
 W-7405-ENG-36 with the U.S. Department of Energy (DOE).  The University has 
 certain rights in the program pursuant to the contract and the program should
 not be copied or distributed outside your organization.  All rights in the 
 program are reserved by the DOE and the University.  Neither the U.S. 
 Government nor the University makes any warranty, express or implied, or 
 assumes any liability or responsibility for the use of this software.

        *******************************************************
        *                --- RESOLVE ---                      *
        *                                                     *
        *         Statistical density modification            *
        *             Automated model-building                *
        *                                                     *
        *                For on-line help                     *
        *            see "http://solve.lanl.gov"              *
        *                                                     *
        *      This software uses library routines from the   *
        *      CCP4 suite (http://www.ccp4.ac.uk) for which   *
        *           the author is very thankful!              *
        *******************************************************

               (version 2.15 of 20-Mar-2010)
                       (size =  12)
  Tom Terwilliger, Los Alamos National Laboratory, "terwilliger@LANL.gov"

>workdir LigandFit_run_28_/TEMP0
Work directory will be : LigandFit_run_28_/TEMP0/

>outputdir LigandFit_run_28_
Directory for STOPWIZARD will be LigandFit_run_28_/

>freer_if_present
Only writing out FreeR_flag if present

>hklin resolve_map.mtz
Data to be read from mtz file: resolve_map.mtz

>labin FP=FP PHIB=PHIM FOM=FOMM
Current value of "LABIN" is: labin FP=FP PHIB=PHIM FOM=FOMM                                                                                                                                                                                                          

>no_build
Model will not be built

>ha_file NONE
Heavy atom sites will be read from file: NONE
The file does not exist...ignoring it

>model ligand_fit.pdb
A model will be used to estimate electron density or mask in part of the unit cell.
Model coords to be read from pdb file: ligand_fit.pdb

>evaluate_ligand
Model will be evaluated as ligand based on hklin using density in region of ligand and attached density too

>use_wang
Wang method for solvent mask will be used

>no_ha
no_ha: heavy-atoms not written out in pdb files

>database 5
Entry in database of histograms to use:            5

>no_optimize_ncs
Not optimizing NCS

>spg_name_use P 31 2 1
Space group name for output PDB file only: P 31 2 1   

>no_create_free
Will not create FREE (test) set

>use_all_for_test
Will use all data for testing solvent content and histograms

All done with inputs
Building protein
Setting up for building protein
Standard fill-in residues: ALA A GLY G
Standard main-chain atoms: N    CA   C    O    CB   NONE
All main-chain atoms: N     CA    C     O     
Max dist between adjacent N    atoms:     6.000000    
List of all residues: GLY ALA SER VAL ILE LEU MET CYS PHE TYR LYS ARG TRP HIS GLU ASP GLN ASN PRO THR 
List of 1-letter code of residues: GASVILMCFYKRWHEDQNPT
List of number of atoms in side-chains:            0           1           2           3           4           4           4           2           7           8           5           7          10           6           5           4           5           4           3           3
checking license file.. solve2.access

       The date today is 05-feb-20.  Your license is good until 15-dec-96.

Opened mtz file resolve_map.mtz
Dataset            1 HKL_base            HKL_base            HKL_base                       0    69.49000        69.49000        90.58100        90.00000        90.00000        120.0000        0.000000    
Dataset            2 project             crystal             dataset                        1    69.49000        69.49000        90.58100        90.00000        90.00000        120.0000        1.000000    
Reading SG information from resolve_map.mtz
Space group name: P3121      Point group: PG321     
Space group number :         152 Symmetry operators:            6
Number of columns:           13
H                             K                             L                             FP                            SIGFP                         PHIM                          FOMM                          HLAM                          HLBM                          HLCM                          HLDM                          FWT                           PHWT                          

Column assignments:
                  PROGRAM                         INPUT_MTZ
DATA# 1  H                             
DATA# 2  K                             
DATA# 3  L                             
DATA# 4  FP                             :     FP                            
DATA# 5  PHIB                           :     PHIM                          
DATA# 6  FOM                            :     FOMM                          
DATA# 7  HLA                           
DATA# 8  HLB                           
DATA# 9  HLC                           
DATA# 10  HLD                           
DATA# 11  FC                            
DATA# 12  PHIC                          
DATA# 13  SIGFP                         
DATA# 14  FWT                           
DATA# 15  FreeR_flag                    
FP taken from column           4
Dataset information for dataset number           2 and ID=           1
Dataset name:dataset             
Crystal name:crystal             
Project name:project             
Cell:      69.489998       69.489998       90.581001       90.000000       90.000000       120.00000
Wavelength:    1.000000    
PHIB taken from column           6
FOM taken from column           7
WARNING: No SIGFP input data--output SIGFP column will be SIGFP=1.0 for all HKL!

No FreeR_flag read in or created
Total of        17078 reflections read from file
Guessing FreeR_flag corresponding to free reflections
This can be set with free_id xx
No freeR reflections at all
Total of            0 of        17078 reflections in test set
 High-resolution limit of input phased data:  2.00
Adding F000 term (0.0) to this list
Closed mtz file
 Starting resolution:  2.00 max:  2.00
Space group is         152
Using symmetry operations from input MTZ file


MATRICES: 
SYMMETRY ELEMENT 0
1 0 0 0
0 1 0 0
0 0 1 0
SYMMETRY ELEMENT 1
0 -1 0 0
1 -1 0 0
0 0 1 0.333333
SYMMETRY ELEMENT 2
-1 1 0 0
-1 0 0 0
0 0 1 0.666667
SYMMETRY ELEMENT 3
1 -1 0 0
0 -1 0 0
0 0 -1 0.666667
SYMMETRY ELEMENT 4
-1 0 0 0
-1 1 0 0
0 0 -1 0.333333
SYMMETRY ELEMENT 5
0 1 0 0
1 0 0 0
0 0 -1 0
SPACE GROUP SYMBOL: P 31 2 1
CHECK ON SPACE GROUP SYMBOL: P 31 2 1
HALL SYMBOL :  P 31 2"
Standard grids used for FFT

 Transformations from orthogonal to fractional and back:

               Orthogonal to fractional

     fractional x=  0.01439 X +   0.00831 Y +  -0.00000 Z 
     fractional y=  0.00000 X +   0.01662 Y +  -0.00000 Z 
     fractional z=  0.00000 X +   0.00000 Y +   0.01104 Z 


               Fractional to orthogonal

     Orthogonal X= 69.49000 x + -34.74490 y +   0.00010 z 
     Orthogonal Y=  0.00000 x +  60.18016 y +   0.00018 z 
     Orthogonal Z=  0.00000 x +   0.00000 y +  90.58100 z 

Estimated # of atoms in au:        1994
Not separating out FREE set from other reflections for main cycles. Using all data.

Expected resolution-corrected F at d = 2.9A : 788.096

 Results of wilson scaling:
 Scale on I =      8.537
 B-value =     22.354

 Scaling data with value of      8.537

Reading model density histograms from /home/adrmercurio/XtaLab/phenix-1.17.1-3660/modules/solve_resolve/ext_ref_files/segments/rho.list
Read total of           10 sets of density functions
Highest value of ix, iy, iz in a.u:         107          107           24
nu nv nw:          108         108         144   Number of grid points in au:      280044
 Mean fom of this map was:  1.00
Reading a pdb file and estimating mask with it.
Opening ligand_fit.pdb and reading coordinates
Center of molecule read in with           25
 atoms is      -21.434759       12.386877       16.272720
Highest residue number is :            1

 Summary of starting FOM vs resolution 
    RES     FOM   FOM-smoothed  N 
   16.93    1.00    1.00        71
   10.92    1.00    1.00       114
    8.25    1.00    1.00       210
    6.51    1.00    1.00       355
    5.51    1.00    1.00       341
    4.77    1.00    1.00       617
    4.16    1.00    1.00       745
    3.72    1.00    1.00       811
    3.40    1.00    1.00       938
    3.14    1.00    1.00       965
    2.92    1.00    1.00      1297
    2.74    1.00    1.00      1063
    2.59    1.00    1.00      1340
    2.44    1.00    1.00      1621
    2.29    1.00    1.00      2163
    2.16    1.00    1.00      1993
    2.05    1.00    1.00      2434

 Mean fom of this map was:  1.00
Opening ligand_fit.pdb and reading coordinates
Center of molecule read in with           25
 atoms is      -21.434757       12.386880       16.272718

 MEAN SD PROT for SQ-SM :   0.15 +/-   0.84
 MEAN SD SOLV for SQ-SM :  -0.00 +/-   0.55

 N:    2408   277636
 Overall map correlation:   0.098
 Map correlation in region of model:   0.621
Evaluating model plus nearby regions of high density
Total of         2408 points in original mask
Mean of         1037 points > 0 in this region:    0.87832587679366247    New total number of points in masked region:        2975
 Map correlation in region of model + adjacent density:   0.411
resolve exit_info:
  source_file: /home/builder/slave/phenix-nightly-intel-linux-2_6-x86_64-centos6/modules/solve_resolve/resolve/aaa_resolve_main.cpp
  source_line: 1692
  status: 0
EndOfResolve
